<?xml version="1.0" encoding="UTF-8"?>
<testsuite xmlns:xsi="http://www.w3.org/2001/XMLSchema-instance" xsi:noNamespaceSchemaLocation="https://maven.apache.org/surefire/maven-surefire-plugin/xsd/surefire-test-report.xsd" name="com.tweetapp.api.controllertest.TweetAppControllerTests" time="3.562" tests="7" errors="0" skipped="0" failures="0">
  <properties>
[...]
</properties>
  <testcase name="getAllUsersPositiveFlow" classname="com.tweetapp.api.controllertest.TweetAppControllerTests" time="2.23"/>
  <testcase name="registerationTest" classname="com.tweetapp.api.controllertest.TweetAppControllerTests" time="0.413"/>
  <testcase name="postReplyPositiveTest" classname="com.tweetapp.api.controllertest.TweetAppControllerTests" time="0.336"/>
  <testcase name="getUsersTweetsPositiveFlow" classname="com.tweetapp.api.controllertest.TweetAppControllerTests" time="0.181"/>
  <testcase name="registerNegativeTest" classname="com.tweetapp.api.controllertest.TweetAppControllerTests" time="0.105"/>
  <testcase name="getAllTweetsPositiveFlow" classname="com.tweetapp.api.controllertest.TweetAppControllerTests" time="0.129"/>
  <testcase name="postTweetPositiveTest" classname="com.tweetapp.api.controllertest.TweetAppControllerTests" time="0.141"/>
</testsuite>